

Started GET "/" for 127.0.0.1 at 2015-03-12 02:15:16 -0300

Mysql2::Error (Access denied for user 'root'@'localhost' (using password: NO)):
  mysql2 (0.3.18) lib/mysql2/client.rb:70:in `connect'
  mysql2 (0.3.18) lib/mysql2/client.rb:70:in `initialize'
  activerecord (4.2.0) lib/active_record/connection_adapters/mysql2_adapter.rb:18:in `new'
  activerecord (4.2.0) lib/active_record/connection_adapters/mysql2_adapter.rb:18:in `mysql2_connection'
  activerecord (4.2.0) lib/active_record/connection_adapters/abstract/connection_pool.rb:436:in `new_connection'
  activerecord (4.2.0) lib/active_record/connection_adapters/abstract/connection_pool.rb:446:in `checkout_new_connection'
  activerecord (4.2.0) lib/active_record/connection_adapters/abstract/connection_pool.rb:422:in `acquire_connection'
  activerecord (4.2.0) lib/active_record/connection_adapters/abstract/connection_pool.rb:349:in `block in checkout'
  /home/turtle/.rbenv/versions/2.2.1/lib/ruby/2.2.0/monitor.rb:211:in `mon_synchronize'
  activerecord (4.2.0) lib/active_record/connection_adapters/abstract/connection_pool.rb:348:in `checkout'
  activerecord (4.2.0) lib/active_record/connection_adapters/abstract/connection_pool.rb:263:in `block in connection'
  /home/turtle/.rbenv/versions/2.2.1/lib/ruby/2.2.0/monitor.rb:211:in `mon_synchronize'
  activerecord (4.2.0) lib/active_record/connection_adapters/abstract/connection_pool.rb:262:in `connection'
  activerecord (4.2.0) lib/active_record/connection_adapters/abstract/connection_pool.rb:565:in `retrieve_connection'
  activerecord (4.2.0) lib/active_record/connection_handling.rb:113:in `retrieve_connection'
  activerecord (4.2.0) lib/active_record/connection_handling.rb:87:in `connection'
  activerecord (4.2.0) lib/active_record/migration.rb:384:in `connection'
  activerecord (4.2.0) lib/active_record/migration.rb:371:in `call'
  actionpack (4.2.0) lib/action_dispatch/middleware/callbacks.rb:29:in `block in call'
  activesupport (4.2.0) lib/active_support/callbacks.rb:88:in `call'
  activesupport (4.2.0) lib/active_support/callbacks.rb:88:in `_run_callbacks'
  activesupport (4.2.0) lib/active_support/callbacks.rb:734:in `_run_call_callbacks'
  activesupport (4.2.0) lib/active_support/callbacks.rb:81:in `run_callbacks'
  actionpack (4.2.0) lib/action_dispatch/middleware/callbacks.rb:27:in `call'
  actionpack (4.2.0) lib/action_dispatch/middleware/reloader.rb:73:in `call'
  actionpack (4.2.0) lib/action_dispatch/middleware/remote_ip.rb:78:in `call'
  actionpack (4.2.0) lib/action_dispatch/middleware/debug_exceptions.rb:17:in `call'
  web-console (2.1.1) lib/web_console/middleware.rb:37:in `call'
  actionpack (4.2.0) lib/action_dispatch/middleware/show_exceptions.rb:30:in `call'
  railties (4.2.0) lib/rails/rack/logger.rb:38:in `call_app'
  railties (4.2.0) lib/rails/rack/logger.rb:20:in `block in call'
  activesupport (4.2.0) lib/active_support/tagged_logging.rb:68:in `block in tagged'
  activesupport (4.2.0) lib/active_support/tagged_logging.rb:26:in `tagged'
  activesupport (4.2.0) lib/active_support/tagged_logging.rb:68:in `tagged'
  railties (4.2.0) lib/rails/rack/logger.rb:20:in `call'
  actionpack (4.2.0) lib/action_dispatch/middleware/request_id.rb:21:in `call'
  rack (1.6.0) lib/rack/methodoverride.rb:22:in `call'
  rack (1.6.0) lib/rack/runtime.rb:18:in `call'
  activesupport (4.2.0) lib/active_support/cache/strategy/local_cache_middleware.rb:28:in `call'
  rack (1.6.0) lib/rack/lock.rb:17:in `call'
  actionpack (4.2.0) lib/action_dispatch/middleware/static.rb:113:in `call'
  rack (1.6.0) lib/rack/sendfile.rb:113:in `call'
  railties (4.2.0) lib/rails/engine.rb:518:in `call'
  railties (4.2.0) lib/rails/application.rb:164:in `call'
  rack (1.6.0) lib/rack/lock.rb:17:in `call'
  rack (1.6.0) lib/rack/content_length.rb:15:in `call'
  rack (1.6.0) lib/rack/handler/webrick.rb:89:in `service'
  /home/turtle/.rbenv/versions/2.2.1/lib/ruby/2.2.0/webrick/httpserver.rb:138:in `service'
  /home/turtle/.rbenv/versions/2.2.1/lib/ruby/2.2.0/webrick/httpserver.rb:94:in `run'
  /home/turtle/.rbenv/versions/2.2.1/lib/ruby/2.2.0/webrick/server.rb:294:in `block in start_thread'


  Rendered /home/turtle/.rbenv/versions/2.2.1/lib/ruby/gems/2.2.0/gems/actionpack-4.2.0/lib/action_dispatch/middleware/templates/rescues/_source.erb (2.5ms)
  Rendered /home/turtle/.rbenv/versions/2.2.1/lib/ruby/gems/2.2.0/gems/actionpack-4.2.0/lib/action_dispatch/middleware/templates/rescues/_trace.html.erb (1.2ms)
  Rendered /home/turtle/.rbenv/versions/2.2.1/lib/ruby/gems/2.2.0/gems/actionpack-4.2.0/lib/action_dispatch/middleware/templates/rescues/_request_and_response.html.erb (0.6ms)
  Rendered /home/turtle/.rbenv/versions/2.2.1/lib/ruby/gems/2.2.0/gems/actionpack-4.2.0/lib/action_dispatch/middleware/templates/rescues/diagnostics.html.erb within rescues/layout (15.0ms)
  Rendered /home/turtle/.rbenv/versions/2.2.1/lib/ruby/gems/2.2.0/gems/web-console-2.1.1/lib/web_console/templates/_markup.html (0.2ms)
  Rendered /home/turtle/.rbenv/versions/2.2.1/lib/ruby/gems/2.2.0/gems/web-console-2.1.1/lib/web_console/templates/style.css within layouts/inlined_string (0.2ms)
  Rendered /home/turtle/.rbenv/versions/2.2.1/lib/ruby/gems/2.2.0/gems/web-console-2.1.1/lib/web_console/templates/_inner_console_markup.html within layouts/inlined_string (0.2ms)
  Rendered /home/turtle/.rbenv/versions/2.2.1/lib/ruby/gems/2.2.0/gems/web-console-2.1.1/lib/web_console/templates/_prompt_box_markup.html within layouts/inlined_string (0.2ms)
  Rendered /home/turtle/.rbenv/versions/2.2.1/lib/ruby/gems/2.2.0/gems/web-console-2.1.1/lib/web_console/templates/console.js within layouts/javascript (10.9ms)
  Rendered /home/turtle/.rbenv/versions/2.2.1/lib/ruby/gems/2.2.0/gems/web-console-2.1.1/lib/web_console/templates/main.js within layouts/javascript (0.2ms)
  Rendered /home/turtle/.rbenv/versions/2.2.1/lib/ruby/gems/2.2.0/gems/web-console-2.1.1/lib/web_console/templates/error_page.js within layouts/javascript (0.2ms)
  Rendered /home/turtle/.rbenv/versions/2.2.1/lib/ruby/gems/2.2.0/gems/web-console-2.1.1/lib/web_console/templates/index.html (23.4ms)


Started GET "/" for 127.0.0.1 at 2015-03-12 02:31:43 -0300
Processing by Rails::WelcomeController#index as HTML
  Rendered /home/turtle/.rbenv/versions/2.2.1/lib/ruby/gems/2.2.0/gems/railties-4.2.0/lib/rails/templates/rails/welcome/index.html.erb (0.9ms)
Completed 200 OK in 10ms (Views: 4.6ms | ActiveRecord: 0.0ms)
DEPRECATION WARNING: Defining a route where `to` is a controller without an action is deprecated. Please change `to: :welcome/index` to `controller: :welcome/index`. (called from block in <top (required)> at /home/turtle/Projects/sportivo-faisan/config/routes.rb:3)
DEPRECATION WARNING: Defining a route where `to` is a controller without an action is deprecated. Please change `to: :welcome/index` to `controller: :welcome/index`. (called from block in <top (required)> at /home/turtle/Projects/sportivo-faisan/config/routes.rb:3)


Started GET "/" for 127.0.0.1 at 2015-03-12 02:43:19 -0300
Processing by WelcomeController#index as HTML
  Rendered welcome/index.html.erb within layouts/application (0.6ms)
Completed 200 OK in 435ms (Views: 429.6ms | ActiveRecord: 0.0ms)


Started GET "/assets/welcome-64e62ddc273c2f5847f30d698ca14b67.css?body=1" for 127.0.0.1 at 2015-03-12 02:43:19 -0300


Started GET "/assets/jquery-87424c3c19e96d4fb033c10ebe21ec40.js?body=1" for 127.0.0.1 at 2015-03-12 02:43:19 -0300


Started GET "/assets/turbolinks-f87b3583ca50adb0488b031297f5580d.js?body=1" for 127.0.0.1 at 2015-03-12 02:43:19 -0300


Started GET "/assets/application-5266d2988799ecc8fe6e81eaab412e7d.css?body=1" for 127.0.0.1 at 2015-03-12 02:43:19 -0300


Started GET "/assets/jquery_ujs-e27bd20a10d28155845a22d71ef94f2f.js?body=1" for 127.0.0.1 at 2015-03-12 02:43:19 -0300


Started GET "/assets/welcome-fcec5b5a277ac7c20cc9f45a209a3bcd.js?body=1" for 127.0.0.1 at 2015-03-12 02:43:19 -0300


Started GET "/assets/application-001948a807d6467a657420955d9f0c1c.js?body=1" for 127.0.0.1 at 2015-03-12 02:43:19 -0300
